   0  $accept : Program $end

   1  Program : ClassList

   2  ClassList : ClassList ClassDef
   3            | ClassDef

   4  VariableDef : Variable ';'

   5  Variable : Type IDENTIFIER

   6  Type : INT

   7  ClassDef : CLASS IDENTIFIER ExtendsClause '{' FieldList '}'

   8  ExtendsClause : EXTENDS IDENTIFIER
   9                |

  10  FieldList : FieldList VariableDef
  11            | FieldList FunctionDef
  12            |

  13  Formals : VariableList
  14          |

  15  VariableList : VariableList ',' Variable
  16               | Variable

  17  FunctionDef : STATIC Type IDENTIFIER '(' Formals ')' StmtBlock
  18              | Type IDENTIFIER '(' Formals ')' StmtBlock

  19  StmtBlock : '{' StmtList '}'

  20  StmtList : StmtList Stmt
  21           |

  22  Stmt : VariableDef
  23       | SimpleStmt ';'
  24       | IfStmt
  25       | WhileStmt
  26       | ForStmt
  27       | ReturnStmt ';'
  28       | PrintStmt ';'
  29       | BreakStmt ';'
  30       | StmtBlock

  31  SimpleStmt : LValue '=' Expr
  32             | Call
  33             |

  34  Receiver : Expr '.'
  35           |

  36  LValue : Receiver IDENTIFIER
  37         | Expr '[' Expr ']'

  38  Call : Receiver IDENTIFIER '(' Actuals ')'

  39  Expr : LValue
  40       | Call
  41       | Constant
  42       | Expr '+' Expr

  43  Constant : LITERAL
  44           | NULL

  45  Actuals : ExprList
  46          |

  47  ExprList : ExprList ',' Expr
  48           | Expr

  49  WhileStmt : WHILE '(' Expr ')' Stmt

  50  BreakStmt : BREAK

  51  IfStmt : IF '(' Expr ')' Stmt ElseClause

  52  ElseClause : ELSE Stmt
  53             |

  54  ReturnStmt : RETURN Expr
  55             | RETURN

  56  PrintStmt : PRINT '(' ExprList ')'

state 0
	$accept : . Program $end  (0)

	CLASS  shift 1
	.  error

	Program  goto 2
	ClassList  goto 3
	ClassDef  goto 4


state 1
	ClassDef : CLASS . IDENTIFIER ExtendsClause '{' FieldList '}'  (7)

	IDENTIFIER  shift 5
	.  error


state 2
	$accept : Program . $end  (0)

	$end  accept


state 3
	Program : ClassList .  (1)
	ClassList : ClassList . ClassDef  (2)

	CLASS  shift 1
	$end  reduce 1

	ClassDef  goto 6


state 4
	ClassList : ClassDef .  (3)

	.  reduce 3


state 5
	ClassDef : CLASS IDENTIFIER . ExtendsClause '{' FieldList '}'  (7)
	ExtendsClause : .  (9)

	EXTENDS  shift 7
	'{'  reduce 9

	ExtendsClause  goto 8


state 6
	ClassList : ClassList ClassDef .  (2)

	.  reduce 2


state 7
	ExtendsClause : EXTENDS . IDENTIFIER  (8)

	IDENTIFIER  shift 9
	.  error


state 8
	ClassDef : CLASS IDENTIFIER ExtendsClause . '{' FieldList '}'  (7)

	'{'  shift 10
	.  error


state 9
	ExtendsClause : EXTENDS IDENTIFIER .  (8)

	.  reduce 8


state 10
	ClassDef : CLASS IDENTIFIER ExtendsClause '{' . FieldList '}'  (7)
	FieldList : .  (12)

	.  reduce 12

	FieldList  goto 11


state 11
	ClassDef : CLASS IDENTIFIER ExtendsClause '{' FieldList . '}'  (7)
	FieldList : FieldList . VariableDef  (10)
	FieldList : FieldList . FunctionDef  (11)

	INT  shift 12
	STATIC  shift 13
	'}'  shift 14
	.  error

	VariableDef  goto 15
	Variable  goto 16
	Type  goto 17
	FunctionDef  goto 18


state 12
	Type : INT .  (6)

	.  reduce 6


state 13
	FunctionDef : STATIC . Type IDENTIFIER '(' Formals ')' StmtBlock  (17)

	INT  shift 12
	.  error

	Type  goto 19


state 14
	ClassDef : CLASS IDENTIFIER ExtendsClause '{' FieldList '}' .  (7)

	.  reduce 7


state 15
	FieldList : FieldList VariableDef .  (10)

	.  reduce 10


state 16
	VariableDef : Variable . ';'  (4)

	';'  shift 20
	.  error


state 17
	Variable : Type . IDENTIFIER  (5)
	FunctionDef : Type . IDENTIFIER '(' Formals ')' StmtBlock  (18)

	IDENTIFIER  shift 21
	.  error


state 18
	FieldList : FieldList FunctionDef .  (11)

	.  reduce 11


state 19
	FunctionDef : STATIC Type . IDENTIFIER '(' Formals ')' StmtBlock  (17)

	IDENTIFIER  shift 22
	.  error


state 20
	VariableDef : Variable ';' .  (4)

	.  reduce 4


state 21
	Variable : Type IDENTIFIER .  (5)
	FunctionDef : Type IDENTIFIER . '(' Formals ')' StmtBlock  (18)

	'('  shift 23
	';'  reduce 5


state 22
	FunctionDef : STATIC Type IDENTIFIER . '(' Formals ')' StmtBlock  (17)

	'('  shift 24
	.  error


state 23
	FunctionDef : Type IDENTIFIER '(' . Formals ')' StmtBlock  (18)
	Formals : .  (14)

	INT  shift 12
	')'  reduce 14

	Variable  goto 25
	Type  goto 26
	Formals  goto 27
	VariableList  goto 28


state 24
	FunctionDef : STATIC Type IDENTIFIER '(' . Formals ')' StmtBlock  (17)
	Formals : .  (14)

	INT  shift 12
	')'  reduce 14

	Variable  goto 25
	Type  goto 26
	Formals  goto 29
	VariableList  goto 28


state 25
	VariableList : Variable .  (16)

	.  reduce 16


state 26
	Variable : Type . IDENTIFIER  (5)

	IDENTIFIER  shift 30
	.  error


state 27
	FunctionDef : Type IDENTIFIER '(' Formals . ')' StmtBlock  (18)

	')'  shift 31
	.  error


state 28
	Formals : VariableList .  (13)
	VariableList : VariableList . ',' Variable  (15)

	','  shift 32
	')'  reduce 13


state 29
	FunctionDef : STATIC Type IDENTIFIER '(' Formals . ')' StmtBlock  (17)

	')'  shift 33
	.  error


state 30
	Variable : Type IDENTIFIER .  (5)

	.  reduce 5


state 31
	FunctionDef : Type IDENTIFIER '(' Formals ')' . StmtBlock  (18)

	'{'  shift 34
	.  error

	StmtBlock  goto 35


state 32
	VariableList : VariableList ',' . Variable  (15)

	INT  shift 12
	.  error

	Variable  goto 36
	Type  goto 26


state 33
	FunctionDef : STATIC Type IDENTIFIER '(' Formals ')' . StmtBlock  (17)

	'{'  shift 34
	.  error

	StmtBlock  goto 37


state 34
	StmtBlock : '{' . StmtList '}'  (19)
	StmtList : .  (21)

	.  reduce 21

	StmtList  goto 38


state 35
	FunctionDef : Type IDENTIFIER '(' Formals ')' StmtBlock .  (18)

	.  reduce 18


state 36
	VariableList : VariableList ',' Variable .  (15)

	.  reduce 15


state 37
	FunctionDef : STATIC Type IDENTIFIER '(' Formals ')' StmtBlock .  (17)

	.  reduce 17


state 38
	StmtBlock : '{' StmtList . '}'  (19)
	StmtList : StmtList . Stmt  (20)
	SimpleStmt : .  (33)
	Receiver : .  (35)

	INT  shift 12
	NULL  shift 39
	WHILE  shift 40
	IF  shift 41
	RETURN  shift 42
	BREAK  shift 43
	PRINT  shift 44
	LITERAL  shift 45
	'{'  shift 34
	'}'  shift 46
	ForStmt  shift 47
	IDENTIFIER  reduce 35
	';'  reduce 33

	VariableDef  goto 48
	Variable  goto 16
	Type  goto 26
	StmtBlock  goto 49
	Stmt  goto 50
	SimpleStmt  goto 51
	IfStmt  goto 52
	WhileStmt  goto 53
	ReturnStmt  goto 54
	PrintStmt  goto 55
	BreakStmt  goto 56
	LValue  goto 57
	Expr  goto 58
	Call  goto 59
	Receiver  goto 60
	Constant  goto 61


state 39
	Constant : NULL .  (44)

	.  reduce 44


state 40
	WhileStmt : WHILE . '(' Expr ')' Stmt  (49)

	'('  shift 62
	.  error


state 41
	IfStmt : IF . '(' Expr ')' Stmt ElseClause  (51)

	'('  shift 63
	.  error


state 42
	ReturnStmt : RETURN . Expr  (54)
	ReturnStmt : RETURN .  (55)
	Receiver : .  (35)

	NULL  shift 39
	LITERAL  shift 45
	IDENTIFIER  reduce 35
	';'  reduce 55

	LValue  goto 64
	Expr  goto 65
	Call  goto 66
	Receiver  goto 60
	Constant  goto 61


state 43
	BreakStmt : BREAK .  (50)

	.  reduce 50


state 44
	PrintStmt : PRINT . '(' ExprList ')'  (56)

	'('  shift 67
	.  error


state 45
	Constant : LITERAL .  (43)

	.  reduce 43


state 46
	StmtBlock : '{' StmtList '}' .  (19)

	.  reduce 19


state 47
	Stmt : ForStmt .  (26)

	.  reduce 26


state 48
	Stmt : VariableDef .  (22)

	.  reduce 22


state 49
	Stmt : StmtBlock .  (30)

	.  reduce 30


state 50
	StmtList : StmtList Stmt .  (20)

	.  reduce 20


state 51
	Stmt : SimpleStmt . ';'  (23)

	';'  shift 68
	.  error


state 52
	Stmt : IfStmt .  (24)

	.  reduce 24


state 53
	Stmt : WhileStmt .  (25)

	.  reduce 25


state 54
	Stmt : ReturnStmt . ';'  (27)

	';'  shift 69
	.  error


state 55
	Stmt : PrintStmt . ';'  (28)

	';'  shift 70
	.  error


state 56
	Stmt : BreakStmt . ';'  (29)

	';'  shift 71
	.  error


state 57
	SimpleStmt : LValue . '=' Expr  (31)
	Expr : LValue .  (39)

	'='  shift 72
	'+'  reduce 39
	'.'  reduce 39
	'['  reduce 39


state 58
	Receiver : Expr . '.'  (34)
	LValue : Expr . '[' Expr ']'  (37)
	Expr : Expr . '+' Expr  (42)

	'+'  shift 73
	'.'  shift 74
	'['  shift 75
	.  error


state 59
	SimpleStmt : Call .  (32)
	Expr : Call .  (40)

	'+'  reduce 40
	'.'  reduce 40
	';'  reduce 32
	'['  reduce 40


state 60
	LValue : Receiver . IDENTIFIER  (36)
	Call : Receiver . IDENTIFIER '(' Actuals ')'  (38)

	IDENTIFIER  shift 76
	.  error


state 61
	Expr : Constant .  (41)

	.  reduce 41


state 62
	WhileStmt : WHILE '(' . Expr ')' Stmt  (49)
	Receiver : .  (35)

	NULL  shift 39
	LITERAL  shift 45
	IDENTIFIER  reduce 35

	LValue  goto 64
	Expr  goto 77
	Call  goto 66
	Receiver  goto 60
	Constant  goto 61


state 63
	IfStmt : IF '(' . Expr ')' Stmt ElseClause  (51)
	Receiver : .  (35)

	NULL  shift 39
	LITERAL  shift 45
	IDENTIFIER  reduce 35

	LValue  goto 64
	Expr  goto 78
	Call  goto 66
	Receiver  goto 60
	Constant  goto 61


state 64
	Expr : LValue .  (39)

	.  reduce 39


state 65
	Receiver : Expr . '.'  (34)
	LValue : Expr . '[' Expr ']'  (37)
	Expr : Expr . '+' Expr  (42)
	ReturnStmt : RETURN Expr .  (54)

	'+'  shift 73
	'.'  shift 74
	'['  shift 75
	';'  reduce 54


state 66
	Expr : Call .  (40)

	.  reduce 40


state 67
	PrintStmt : PRINT '(' . ExprList ')'  (56)
	Receiver : .  (35)

	NULL  shift 39
	LITERAL  shift 45
	IDENTIFIER  reduce 35

	LValue  goto 64
	Expr  goto 79
	Call  goto 66
	Receiver  goto 60
	Constant  goto 61
	ExprList  goto 80


state 68
	Stmt : SimpleStmt ';' .  (23)

	.  reduce 23


state 69
	Stmt : ReturnStmt ';' .  (27)

	.  reduce 27


state 70
	Stmt : PrintStmt ';' .  (28)

	.  reduce 28


state 71
	Stmt : BreakStmt ';' .  (29)

	.  reduce 29


state 72
	SimpleStmt : LValue '=' . Expr  (31)
	Receiver : .  (35)

	NULL  shift 39
	LITERAL  shift 45
	IDENTIFIER  reduce 35

	LValue  goto 64
	Expr  goto 81
	Call  goto 66
	Receiver  goto 60
	Constant  goto 61


state 73
	Expr : Expr '+' . Expr  (42)
	Receiver : .  (35)

	NULL  shift 39
	LITERAL  shift 45
	IDENTIFIER  reduce 35

	LValue  goto 64
	Expr  goto 82
	Call  goto 66
	Receiver  goto 60
	Constant  goto 61


state 74
	Receiver : Expr '.' .  (34)

	.  reduce 34


state 75
	LValue : Expr '[' . Expr ']'  (37)
	Receiver : .  (35)

	NULL  shift 39
	LITERAL  shift 45
	IDENTIFIER  reduce 35

	LValue  goto 64
	Expr  goto 83
	Call  goto 66
	Receiver  goto 60
	Constant  goto 61


state 76
	LValue : Receiver IDENTIFIER .  (36)
	Call : Receiver IDENTIFIER . '(' Actuals ')'  (38)

	'('  shift 84
	'+'  reduce 36
	'='  reduce 36
	'.'  reduce 36
	','  reduce 36
	';'  reduce 36
	')'  reduce 36
	'['  reduce 36
	']'  reduce 36


state 77
	Receiver : Expr . '.'  (34)
	LValue : Expr . '[' Expr ']'  (37)
	Expr : Expr . '+' Expr  (42)
	WhileStmt : WHILE '(' Expr . ')' Stmt  (49)

	'+'  shift 73
	'.'  shift 74
	')'  shift 85
	'['  shift 75
	.  error


state 78
	Receiver : Expr . '.'  (34)
	LValue : Expr . '[' Expr ']'  (37)
	Expr : Expr . '+' Expr  (42)
	IfStmt : IF '(' Expr . ')' Stmt ElseClause  (51)

	'+'  shift 73
	'.'  shift 74
	')'  shift 86
	'['  shift 75
	.  error


state 79
	Receiver : Expr . '.'  (34)
	LValue : Expr . '[' Expr ']'  (37)
	Expr : Expr . '+' Expr  (42)
	ExprList : Expr .  (48)

	'+'  shift 73
	'.'  shift 74
	'['  shift 75
	','  reduce 48
	')'  reduce 48


state 80
	ExprList : ExprList . ',' Expr  (47)
	PrintStmt : PRINT '(' ExprList . ')'  (56)

	','  shift 87
	')'  shift 88
	.  error


state 81
	SimpleStmt : LValue '=' Expr .  (31)
	Receiver : Expr . '.'  (34)
	LValue : Expr . '[' Expr ']'  (37)
	Expr : Expr . '+' Expr  (42)

	'+'  shift 73
	'.'  shift 74
	'['  shift 75
	';'  reduce 31


state 82
	Receiver : Expr . '.'  (34)
	LValue : Expr . '[' Expr ']'  (37)
	Expr : Expr . '+' Expr  (42)
	Expr : Expr '+' Expr .  (42)

	'.'  shift 74
	'['  shift 75
	'+'  reduce 42
	','  reduce 42
	';'  reduce 42
	')'  reduce 42
	']'  reduce 42


state 83
	Receiver : Expr . '.'  (34)
	LValue : Expr . '[' Expr ']'  (37)
	LValue : Expr '[' Expr . ']'  (37)
	Expr : Expr . '+' Expr  (42)

	'+'  shift 73
	'.'  shift 74
	'['  shift 75
	']'  shift 89
	.  error


state 84
	Call : Receiver IDENTIFIER '(' . Actuals ')'  (38)
	Receiver : .  (35)
	Actuals : .  (46)

	NULL  shift 39
	LITERAL  shift 45
	IDENTIFIER  reduce 35
	')'  reduce 46

	LValue  goto 64
	Expr  goto 79
	Call  goto 66
	Receiver  goto 60
	Actuals  goto 90
	Constant  goto 61
	ExprList  goto 91


state 85
	WhileStmt : WHILE '(' Expr ')' . Stmt  (49)
	SimpleStmt : .  (33)
	Receiver : .  (35)

	INT  shift 12
	NULL  shift 39
	WHILE  shift 40
	IF  shift 41
	RETURN  shift 42
	BREAK  shift 43
	PRINT  shift 44
	LITERAL  shift 45
	'{'  shift 34
	ForStmt  shift 47
	IDENTIFIER  reduce 35
	';'  reduce 33

	VariableDef  goto 48
	Variable  goto 16
	Type  goto 26
	StmtBlock  goto 49
	Stmt  goto 92
	SimpleStmt  goto 51
	IfStmt  goto 52
	WhileStmt  goto 53
	ReturnStmt  goto 54
	PrintStmt  goto 55
	BreakStmt  goto 56
	LValue  goto 57
	Expr  goto 58
	Call  goto 59
	Receiver  goto 60
	Constant  goto 61


state 86
	IfStmt : IF '(' Expr ')' . Stmt ElseClause  (51)
	SimpleStmt : .  (33)
	Receiver : .  (35)

	INT  shift 12
	NULL  shift 39
	WHILE  shift 40
	IF  shift 41
	RETURN  shift 42
	BREAK  shift 43
	PRINT  shift 44
	LITERAL  shift 45
	'{'  shift 34
	ForStmt  shift 47
	IDENTIFIER  reduce 35
	';'  reduce 33

	VariableDef  goto 48
	Variable  goto 16
	Type  goto 26
	StmtBlock  goto 49
	Stmt  goto 93
	SimpleStmt  goto 51
	IfStmt  goto 52
	WhileStmt  goto 53
	ReturnStmt  goto 54
	PrintStmt  goto 55
	BreakStmt  goto 56
	LValue  goto 57
	Expr  goto 58
	Call  goto 59
	Receiver  goto 60
	Constant  goto 61


state 87
	ExprList : ExprList ',' . Expr  (47)
	Receiver : .  (35)

	NULL  shift 39
	LITERAL  shift 45
	IDENTIFIER  reduce 35

	LValue  goto 64
	Expr  goto 94
	Call  goto 66
	Receiver  goto 60
	Constant  goto 61


state 88
	PrintStmt : PRINT '(' ExprList ')' .  (56)

	.  reduce 56


state 89
	LValue : Expr '[' Expr ']' .  (37)

	.  reduce 37


state 90
	Call : Receiver IDENTIFIER '(' Actuals . ')'  (38)

	')'  shift 95
	.  error


state 91
	Actuals : ExprList .  (45)
	ExprList : ExprList . ',' Expr  (47)

	','  shift 87
	')'  reduce 45


state 92
	WhileStmt : WHILE '(' Expr ')' Stmt .  (49)

	.  reduce 49


state 93
	IfStmt : IF '(' Expr ')' Stmt . ElseClause  (51)
	ElseClause : .  (53)

	ELSE  shift 96
	INT  reduce 53
	NULL  reduce 53
	WHILE  reduce 53
	IF  reduce 53
	RETURN  reduce 53
	BREAK  reduce 53
	PRINT  reduce 53
	LITERAL  reduce 53
	IDENTIFIER  reduce 53
	';'  reduce 53
	'{'  reduce 53
	'}'  reduce 53
	ForStmt  reduce 53

	ElseClause  goto 97


state 94
	Receiver : Expr . '.'  (34)
	LValue : Expr . '[' Expr ']'  (37)
	Expr : Expr . '+' Expr  (42)
	ExprList : ExprList ',' Expr .  (47)

	'+'  shift 73
	'.'  shift 74
	'['  shift 75
	','  reduce 47
	')'  reduce 47


state 95
	Call : Receiver IDENTIFIER '(' Actuals ')' .  (38)

	.  reduce 38


state 96
	ElseClause : ELSE . Stmt  (52)
	SimpleStmt : .  (33)
	Receiver : .  (35)

	INT  shift 12
	NULL  shift 39
	WHILE  shift 40
	IF  shift 41
	RETURN  shift 42
	BREAK  shift 43
	PRINT  shift 44
	LITERAL  shift 45
	'{'  shift 34
	ForStmt  shift 47
	IDENTIFIER  reduce 35
	';'  reduce 33

	VariableDef  goto 48
	Variable  goto 16
	Type  goto 26
	StmtBlock  goto 49
	Stmt  goto 98
	SimpleStmt  goto 51
	IfStmt  goto 52
	WhileStmt  goto 53
	ReturnStmt  goto 54
	PrintStmt  goto 55
	BreakStmt  goto 56
	LValue  goto 57
	Expr  goto 58
	Call  goto 59
	Receiver  goto 60
	Constant  goto 61


state 97
	IfStmt : IF '(' Expr ')' Stmt ElseClause .  (51)

	.  reduce 51


state 98
	ElseClause : ELSE Stmt .  (52)

	.  reduce 52


51 terminals, 29 nonterminals
57 grammar rules, 99 states
